

*******************************************************************************
Tue Jan  7 22:33:05 2014


FIT:    data read from "msd.dat" using ($1*100*dt):2
        format = x:z
        #datapoints = 100
        residuals are weighted equally (unit weight)

function used for fitting: f(x)
fitted parameters initialized with current variable values



*******************************************************************************
Tue Jan  7 22:33:15 2014


FIT:    data read from "msd.dat" using 1:2
        format = x:z
        #datapoints = 100
        residuals are weighted equally (unit weight)

function used for fitting: f(x)
fitted parameters initialized with current variable values



*******************************************************************************
Tue Jan  7 22:33:43 2014


FIT:    data read from "msd.dat" using 1:2
        format = x:z
        #datapoints = 100
        residuals are weighted equally (unit weight)

function used for fitting: f(x)
fitted parameters initialized with current variable values



*******************************************************************************
Tue Jan  7 22:34:31 2014


FIT:    data read from "msd.dat" using 1:2
        format = x:z
        #datapoints = 100
        residuals are weighted equally (unit weight)

function used for fitting: f(x)
fitted parameters initialized with current variable values



*******************************************************************************
Tue Jan  7 22:34:49 2014


FIT:    data read from "msd.dat" using 1:2
        format = x:z
        #datapoints = 100
        residuals are weighted equally (unit weight)

function used for fitting: f(x)
fitted parameters initialized with current variable values



 Iteration 0
 WSSR        : 266230            delta(WSSR)/WSSR   : 0
 delta(WSSR) : 0                 limit for stopping : 1e-05
 lambda	  : 178.447

initial set of free parameter values

A               = 1
b               = 1

After 9 iterations the fit converged.
final sum of squares of residuals : 0.329512
rel. change during last iteration : -2.02386e-09

degrees of freedom    (FIT_NDF)                        : 98
rms of residuals      (FIT_STDFIT) = sqrt(WSSR/ndf)    : 0.0579859
variance of residuals (reduced chisquare) = WSSR/ndf   : 0.00336237

Final set of parameters            Asymptotic Standard Error
=======================            ==========================

A               = 0.0962989        +/- 0.001262     (1.31%)
b               = 1.00778          +/- 0.003053     (0.303%)


correlation matrix of the fit parameters:

               A      b      
A               1.000 
b              -0.997  1.000 


*******************************************************************************
Tue Jan  7 22:35:01 2014


FIT:    data read from "msd.dat" using ($1*100*dt):2
        format = x:z
        #datapoints = 100
        residuals are weighted equally (unit weight)

function used for fitting: f(x)
fitted parameters initialized with current variable values



 Iteration 0
 WSSR        : 0.417302          delta(WSSR)/WSSR   : 0
 delta(WSSR) : 0                 limit for stopping : 1e-05
 lambda	  : 9.03974

initial set of free parameter values

A               = 1
b               = 1

After 4 iterations the fit converged.
final sum of squares of residuals : 0.329512
rel. change during last iteration : -1.00457e-11

degrees of freedom    (FIT_NDF)                        : 98
rms of residuals      (FIT_STDFIT) = sqrt(WSSR/ndf)    : 0.0579859
variance of residuals (reduced chisquare) = WSSR/ndf   : 0.00336237

Final set of parameters            Asymptotic Standard Error
=======================            ==========================

A               = 0.980404         +/- 0.005988     (0.6108%)
b               = 1.00778          +/- 0.00306      (0.3037%)


correlation matrix of the fit parameters:

               A      b      
A               1.000 
b              -0.986  1.000 


*******************************************************************************
Tue Jan  7 22:35:27 2014


FIT:    data read from "msd.dat" using ($1*100*dt):2
        format = x:z
        #datapoints = 100
        residuals are weighted equally (unit weight)

function used for fitting: f(x)
fitted parameters initialized with current variable values



 Iteration 0
 WSSR        : 198.257           delta(WSSR)/WSSR   : 0
 delta(WSSR) : 0                 limit for stopping : 1e-05
 lambda	  : 7.29029

initial set of free parameter values

A               = 0.75
b               = 1

After 4 iterations the fit converged.
final sum of squares of residuals : 0.329512
rel. change during last iteration : -7.41734e-07

degrees of freedom    (FIT_NDF)                        : 98
rms of residuals      (FIT_STDFIT) = sqrt(WSSR/ndf)    : 0.0579859
variance of residuals (reduced chisquare) = WSSR/ndf   : 0.00336237

Final set of parameters            Asymptotic Standard Error
=======================            ==========================

A               = 0.9804           +/- 0.005988     (0.6108%)
b               = 1.00778          +/- 0.00306      (0.3037%)


correlation matrix of the fit parameters:

               A      b      
A               1.000 
b              -0.986  1.000 


*******************************************************************************
Tue Jan  7 22:44:04 2014


FIT:    data read from "msd.dat" using ($1*100*dt):2
        format = x:z
        #datapoints = 100
        residuals are weighted equally (unit weight)

function used for fitting: f(x)
fitted parameters initialized with current variable values



 Iteration 0
 WSSR        : 24913.1           delta(WSSR)/WSSR   : 0
 delta(WSSR) : 0                 limit for stopping : 1e-05
 lambda	  : 58.2698

initial set of free parameter values

A               = 0.75
b               = 1

After 6 iterations the fit converged.
final sum of squares of residuals : 0.329512
rel. change during last iteration : -4.29061e-07

degrees of freedom    (FIT_NDF)                        : 98
rms of residuals      (FIT_STDFIT) = sqrt(WSSR/ndf)    : 0.0579859
variance of residuals (reduced chisquare) = WSSR/ndf   : 0.00336237

Final set of parameters            Asymptotic Standard Error
=======================            ==========================

A               = 0.193639         +/- 0.002128     (1.099%)
b               = 1.00778          +/- 0.003055     (0.3032%)


correlation matrix of the fit parameters:

               A      b      
A               1.000 
b              -0.996  1.000 
