\BOOKMARK [0][-]{chapter.1}{\376\377\000C\000B\000E\000M\000D\000G\000P\000U}{}% 1
\BOOKMARK [0][-]{chapter.2}{\376\377\000H\000i\000e\000r\000a\000r\000c\000h\000i\000c\000a\000l\000\040\000I\000n\000d\000e\000x}{}% 2
\BOOKMARK [1][-]{section.2.1}{\376\377\000C\000l\000a\000s\000s\000\040\000H\000i\000e\000r\000a\000r\000c\000h\000y}{chapter.2}% 3
\BOOKMARK [0][-]{chapter.3}{\376\377\000C\000l\000a\000s\000s\000\040\000I\000n\000d\000e\000x}{}% 4
\BOOKMARK [1][-]{section.3.1}{\376\377\000C\000l\000a\000s\000s\000\040\000L\000i\000s\000t}{chapter.3}% 5
\BOOKMARK [0][-]{chapter.4}{\376\377\000C\000l\000a\000s\000s\000\040\000D\000o\000c\000u\000m\000e\000n\000t\000a\000t\000i\000o\000n}{}% 6
\BOOKMARK [1][-]{section.4.1}{\376\377\000a\000t\000o\000m\000\040\000S\000t\000r\000u\000c\000t\000\040\000R\000e\000f\000e\000r\000e\000n\000c\000e}{chapter.4}% 7
\BOOKMARK [2][-]{subsection.4.1.1}{\376\377\000D\000e\000t\000a\000i\000l\000e\000d\000\040\000D\000e\000s\000c\000r\000i\000p\000t\000i\000o\000n}{section.4.1}% 8
\BOOKMARK [1][-]{section.4.2}{\376\377\000c\000e\000l\000l\000L\000i\000s\000t\000\137\000c\000p\000u\000\040\000C\000l\000a\000s\000s\000\040\000R\000e\000f\000e\000r\000e\000n\000c\000e}{chapter.4}% 9
\BOOKMARK [2][-]{subsection.4.2.1}{\376\377\000D\000e\000t\000a\000i\000l\000e\000d\000\040\000D\000e\000s\000c\000r\000i\000p\000t\000i\000o\000n}{section.4.2}% 10
\BOOKMARK [2][-]{subsection.4.2.2}{\376\377\000C\000o\000n\000s\000t\000r\000u\000c\000t\000o\000r\000\040\000\046\000\040\000D\000e\000s\000t\000r\000u\000c\000t\000o\000r\000\040\000D\000o\000c\000u\000m\000e\000n\000t\000a\000t\000i\000o\000n}{section.4.2}% 11
\BOOKMARK [3][-]{subsubsection.4.2.2.1}{\376\377\000c\000e\000l\000l\000L\000i\000s\000t\000\137\000c\000p\000u}{subsection.4.2.2}% 12
\BOOKMARK [2][-]{subsection.4.2.3}{\376\377\000M\000e\000m\000b\000e\000r\000\040\000F\000u\000n\000c\000t\000i\000o\000n\000\040\000D\000o\000c\000u\000m\000e\000n\000t\000a\000t\000i\000o\000n}{section.4.2}% 13
\BOOKMARK [3][-]{subsubsection.4.2.3.1}{\376\377\000c\000e\000l\000l}{subsection.4.2.3}% 14
\BOOKMARK [3][-]{subsubsection.4.2.3.2}{\376\377\000c\000h\000e\000c\000k\000U\000p\000d\000a\000t\000e}{subsection.4.2.3}% 15
\BOOKMARK [1][-]{section.4.3}{\376\377\000c\000u\000s\000t\000o\000m\000E\000x\000c\000e\000p\000t\000i\000o\000n\000\040\000C\000l\000a\000s\000s\000\040\000R\000e\000f\000e\000r\000e\000n\000c\000e}{chapter.4}% 16
\BOOKMARK [2][-]{subsection.4.3.1}{\376\377\000D\000e\000t\000a\000i\000l\000e\000d\000\040\000D\000e\000s\000c\000r\000i\000p\000t\000i\000o\000n}{section.4.3}% 17
\BOOKMARK [1][-]{section.4.4}{\376\377\000f\000l\000o\000a\000t\0003\000\040\000S\000t\000r\000u\000c\000t\000\040\000R\000e\000f\000e\000r\000e\000n\000c\000e}{chapter.4}% 18
\BOOKMARK [2][-]{subsection.4.4.1}{\376\377\000D\000e\000t\000a\000i\000l\000e\000d\000\040\000D\000e\000s\000c\000r\000i\000p\000t\000i\000o\000n}{section.4.4}% 19
\BOOKMARK [1][-]{section.4.5}{\376\377\000i\000n\000t\0003\000\040\000S\000t\000r\000u\000c\000t\000\040\000R\000e\000f\000e\000r\000e\000n\000c\000e}{chapter.4}% 20
\BOOKMARK [2][-]{subsection.4.5.1}{\376\377\000D\000e\000t\000a\000i\000l\000e\000d\000\040\000D\000e\000s\000c\000r\000i\000p\000t\000i\000o\000n}{section.4.5}% 21
\BOOKMARK [1][-]{section.4.6}{\376\377\000i\000n\000t\000e\000g\000r\000a\000t\000o\000r\000\040\000C\000l\000a\000s\000s\000\040\000R\000e\000f\000e\000r\000e\000n\000c\000e}{chapter.4}% 22
\BOOKMARK [2][-]{subsection.4.6.1}{\376\377\000D\000e\000t\000a\000i\000l\000e\000d\000\040\000D\000e\000s\000c\000r\000i\000p\000t\000i\000o\000n}{section.4.6}% 23
\BOOKMARK [2][-]{subsection.4.6.2}{\376\377\000M\000e\000m\000b\000e\000r\000\040\000F\000u\000n\000c\000t\000i\000o\000n\000\040\000D\000o\000c\000u\000m\000e\000n\000t\000a\000t\000i\000o\000n}{section.4.6}% 24
\BOOKMARK [3][-]{subsubsection.4.6.2.1}{\376\377\000c\000a\000l\000c\000F\000o\000r\000c\000e}{subsection.4.6.2}% 25
\BOOKMARK [1][-]{section.4.7}{\376\377\000n\000v\000e\000\040\000C\000l\000a\000s\000s\000\040\000R\000e\000f\000e\000r\000e\000n\000c\000e}{chapter.4}% 26
\BOOKMARK [2][-]{subsection.4.7.1}{\376\377\000D\000e\000t\000a\000i\000l\000e\000d\000\040\000D\000e\000s\000c\000r\000i\000p\000t\000i\000o\000n}{section.4.7}% 27
\BOOKMARK [2][-]{subsection.4.7.2}{\376\377\000M\000e\000m\000b\000e\000r\000\040\000F\000u\000n\000c\000t\000i\000o\000n\000\040\000D\000o\000c\000u\000m\000e\000n\000t\000a\000t\000i\000o\000n}{section.4.7}% 28
\BOOKMARK [3][-]{subsubsection.4.7.2.1}{\376\377\000c\000a\000l\000c\000F\000o\000r\000c\000e}{subsection.4.7.2}% 29
\BOOKMARK [3][-]{subsubsection.4.7.2.2}{\376\377\000s\000t\000e\000p}{subsection.4.7.2}% 30
\BOOKMARK [1][-]{section.4.8}{\376\377\000n\000v\000t\000\137\000N\000H\000\040\000C\000l\000a\000s\000s\000\040\000R\000e\000f\000e\000r\000e\000n\000c\000e}{chapter.4}% 31
\BOOKMARK [2][-]{subsection.4.8.1}{\376\377\000D\000e\000t\000a\000i\000l\000e\000d\000\040\000D\000e\000s\000c\000r\000i\000p\000t\000i\000o\000n}{section.4.8}% 32
\BOOKMARK [2][-]{subsection.4.8.2}{\376\377\000C\000o\000n\000s\000t\000r\000u\000c\000t\000o\000r\000\040\000\046\000\040\000D\000e\000s\000t\000r\000u\000c\000t\000o\000r\000\040\000D\000o\000c\000u\000m\000e\000n\000t\000a\000t\000i\000o\000n}{section.4.8}% 33
\BOOKMARK [3][-]{subsubsection.4.8.2.1}{\376\377\000n\000v\000t\000\137\000N\000H}{subsection.4.8.2}% 34
\BOOKMARK [2][-]{subsection.4.8.3}{\376\377\000M\000e\000m\000b\000e\000r\000\040\000F\000u\000n\000c\000t\000i\000o\000n\000\040\000D\000o\000c\000u\000m\000e\000n\000t\000a\000t\000i\000o\000n}{section.4.8}% 35
\BOOKMARK [3][-]{subsubsection.4.8.3.1}{\376\377\000c\000a\000l\000c\000F\000o\000r\000c\000e}{subsection.4.8.3}% 36
\BOOKMARK [3][-]{subsubsection.4.8.3.2}{\376\377\000s\000t\000e\000p}{subsection.4.8.3}% 37
\BOOKMARK [1][-]{section.4.9}{\376\377\000s\000y\000s\000t\000e\000m\000D\000e\000f\000i\000n\000i\000t\000i\000o\000n\000\040\000C\000l\000a\000s\000s\000\040\000R\000e\000f\000e\000r\000e\000n\000c\000e}{chapter.4}% 38
\BOOKMARK [2][-]{subsection.4.9.1}{\376\377\000D\000e\000t\000a\000i\000l\000e\000d\000\040\000D\000e\000s\000c\000r\000i\000p\000t\000i\000o\000n}{section.4.9}% 39
\BOOKMARK [2][-]{subsection.4.9.2}{\376\377\000M\000e\000m\000b\000e\000r\000\040\000F\000u\000n\000c\000t\000i\000o\000n\000\040\000D\000o\000c\000u\000m\000e\000n\000t\000a\000t\000i\000o\000n}{section.4.9}% 40
\BOOKMARK [3][-]{subsubsection.4.9.2.1}{\376\377\000i\000n\000i\000t\000R\000a\000n\000d\000o\000m}{subsection.4.9.2}% 41
\BOOKMARK [3][-]{subsubsection.4.9.2.2}{\376\377\000i\000n\000i\000t\000T\000h\000e\000r\000m\000a\000l}{subsection.4.9.2}% 42
\BOOKMARK [3][-]{subsubsection.4.9.2.3}{\376\377\000s\000e\000t\000P\000o\000t\000e\000n\000t\000i\000a\000l}{subsection.4.9.2}% 43
\BOOKMARK [3][-]{subsubsection.4.9.2.4}{\376\377\000w\000r\000i\000t\000e\000S\000n\000a\000p\000s\000h\000o\000t}{subsection.4.9.2}% 44
\BOOKMARK [1][-]{section.4.10}{\376\377\000s\000y\000s\000t\000e\000m\000P\000r\000o\000p\000s\000\040\000C\000l\000a\000s\000s\000\040\000R\000e\000f\000e\000r\000e\000n\000c\000e}{chapter.4}% 45
\BOOKMARK [2][-]{subsection.4.10.1}{\376\377\000D\000e\000t\000a\000i\000l\000e\000d\000\040\000D\000e\000s\000c\000r\000i\000p\000t\000i\000o\000n}{section.4.10}% 46
\BOOKMARK [1][-]{section.4.11}{\376\377\000S\000y\000s\000t\000e\000m\000T\000e\000s\000t\000\040\000C\000l\000a\000s\000s\000\040\000R\000e\000f\000e\000r\000e\000n\000c\000e}{chapter.4}% 47
\BOOKMARK [2][-]{subsection.4.11.1}{\376\377\000D\000e\000t\000a\000i\000l\000e\000d\000\040\000D\000e\000s\000c\000r\000i\000p\000t\000i\000o\000n}{section.4.11}% 48
\BOOKMARK [-1][-]{subsection.4.11.1}{\376\377\000I\000n\000d\000e\000x}{}% 49
